0 info it worked if it ends with ok
1 verbose cli [ '/usr/bin/node', '/usr/bin/npm', 'install', 'react/addons' ]
2 info using npm@1.4.28
3 info using node@v0.10.34
4 verbose node symlink /usr/bin/node
5 warn package.json tb@ No description
6 warn package.json tb@ No repository field.
7 warn package.json tb@ No README data
8 verbose readDependencies using package.json deps
9 verbose cache add [ 'react/addons', null ]
10 verbose cache add name=undefined spec="react/addons" args=["react/addons",null]
11 verbose parsed url { protocol: null,
11 verbose parsed url   slashes: null,
11 verbose parsed url   auth: null,
11 verbose parsed url   host: null,
11 verbose parsed url   port: null,
11 verbose parsed url   hostname: null,
11 verbose parsed url   hash: null,
11 verbose parsed url   search: null,
11 verbose parsed url   query: null,
11 verbose parsed url   pathname: 'react/addons',
11 verbose parsed url   path: 'react/addons',
11 verbose parsed url   href: 'react/addons' }
12 silly lockFile 2be0d915-react-addons react/addons
13 verbose lock react/addons /home/jawr/.npm/2be0d915-react-addons.lock
14 info maybeGithub Attempting react/addons from git://github.com/react/addons
15 silly lockFile efdcb9f8-git-github-com-react-addons git://github.com/react/addons
16 verbose lock git://github.com/react/addons /home/jawr/.npm/efdcb9f8-git-github-com-react-addons.lock
17 verbose addRemoteGit [ 'git://github.com/react/addons', 'master' ]
18 verbose git clone git://github.com/react/addons Cloning into bare repository '/home/jawr/.npm/_git-remotes/git-github-com-react-addons-efdcb9f8'...
18 verbose git clone git://github.com/react/addons
18 verbose git clone git://github.com/react/addons fatal: remote error:
18 verbose git clone git://github.com/react/addons   Repository not found.
19 silly lockFile efdcb9f8-git-github-com-react-addons git://github.com/react/addons
20 silly lockFile efdcb9f8-git-github-com-react-addons git://github.com/react/addons
21 info maybeGithub Attempting react/addons from git+ssh://git@github.com:react/addons
22 silly lockFile 2c015434-git-github-com-react-addons git@github.com:react/addons
23 verbose lock git@github.com:react/addons /home/jawr/.npm/2c015434-git-github-com-react-addons.lock
24 verbose addRemoteGit [ 'git@github.com:react/addons', 'master' ]
25 error git clone git@github.com:react/addons Cloning into bare repository '/home/jawr/.npm/_git-remotes/git-github-com-react-addons-2c015434'...
25 error git clone git@github.com:react/addons
25 error git clone git@github.com:react/addons Warning: Permanently added 'github.com,192.30.252.130' (RSA) to the list of known hosts.
25 error git clone git@github.com:react/addons Permission denied (publickey).
25 error git clone git@github.com:react/addons fatal: The remote end hung up unexpectedly
26 silly lockFile 2c015434-git-github-com-react-addons git@github.com:react/addons
27 silly lockFile 2c015434-git-github-com-react-addons git@github.com:react/addons
28 silly lockFile 2be0d915-react-addons react/addons
29 silly lockFile 2be0d915-react-addons react/addons
30 error addLocal Could not install react/addons
31 error Error: ENOENT, stat 'react/addons'
32 error If you need help, you may report this *entire* log,
32 error including the npm and node versions, at:
32 error     <http://github.com/npm/npm/issues>
33 error System Linux 3.2.0-4-amd64
34 error command "/usr/bin/node" "/usr/bin/npm" "install" "react/addons"
35 error cwd /home/jawr/lang/go/src/github.com/jawr/wall/html
36 error node -v v0.10.34
37 error npm -v 1.4.28
38 error path react/addons
39 error code ENOENT
40 error errno 34
41 verbose exit [ 34, true ]
